<?xml version="1.0" encoding="UTF-8"?>
<testng-results skipped="0" failed="0" ignored="0" total="1" passed="1">
  <reporter-output>
  </reporter-output>
  <suite name="Default suite" duration-ms="16690" started-at="2019-03-19T19:11:53Z" finished-at="2019-03-19T19:12:10Z">
    <groups>
    </groups>
    <test name="Default test" duration-ms="16690" started-at="2019-03-19T19:11:53Z" finished-at="2019-03-19T19:12:10Z">
      <class name="com.training.sanity.tests.Elearning_Add_user_Test">
        <test-method status="PASS" signature="setUpBeforeClass()[pri:0, instance:com.training.sanity.tests.Elearning_Add_user_Test@5c3bd550]" name="setUpBeforeClass" is-config="true" duration-ms="18" started-at="2019-03-19T19:11:53Z" finished-at="2019-03-19T19:11:53Z">
          <reporter-output>
          </reporter-output>
        </test-method> <!-- setUpBeforeClass -->
        <test-method status="PASS" signature="setUp()[pri:0, instance:com.training.sanity.tests.Elearning_Add_user_Test@5c3bd550]" name="setUp" is-config="true" duration-ms="7201" started-at="2019-03-19T19:11:53Z" finished-at="2019-03-19T19:12:01Z">
          <reporter-output>
          </reporter-output>
        </test-method> <!-- setUp -->
        <test-method status="PASS" signature="validLoginTest()[pri:0, instance:com.training.sanity.tests.Elearning_Add_user_Test@5c3bd550]" name="validLoginTest" duration-ms="9440" started-at="2019-03-19T19:12:01Z" finished-at="2019-03-19T19:12:10Z">
          <reporter-output>
          </reporter-output>
        </test-method> <!-- validLoginTest -->
      </class> <!-- com.training.sanity.tests.Elearning_Add_user_Test -->
    </test> <!-- Default test -->
  </suite> <!-- Default suite -->
</testng-results>
